Build started 15.12.2013 22:58:08.
     1>Project "C:\Users\admin\Documents\GitHub\AIPPS_L1\Project\build\Libs\HelloLib.vcxproj" on node 2 (Build target(s)).
     1>CustomBuild:
         Building Custom Rule C:/Users/admin/Documents/GitHub/AIPPS_L1/Project/Libs/CMakeLists.txt
         CMake does not need to re-run because C:\Users\admin\Documents\GitHub\AIPPS_L1\Project\build\Libs\CMakeFiles\generate.stamp is up-to-date.
       ClCompile:
         C:\Program Files (x86)\Microsoft Visual Studio 11.0\VC\bin\x86_amd64\CL.exe /c /IC:/Users/admin/Documents/GitHub/AIPPS_L1/Project/libs/ShapeLib /Zi /nologo /W3 /WX- /Od /Ob0 /D WIN32 /D _WINDOWS /D _DEBUG /D "CMAKE_INTDIR=\"Debug\"" /D _MBCS /Gm- /EHsc /RTC1 /MDd /GS /fp:precise /Zc:wchar_t /Zc:forScope /GR /Fo"HelloLib.dir\Debug\\" /Fd"C:/Users/admin/Documents/GitHub/AIPPS_L1/Project/build/Libs/Debug/HelloLib.pdb" /Gd /TP /errorReport:prompt  -O4 ..\..\Libs\ShapeLib\_ColoredLine.cpp ..\..\Libs\ShapeLib\_coloredPoint.cpp ..\..\Libs\ShapeLib\_Line.cpp ..\..\Libs\ShapeLib\_Picture.cpp
     1>cl : Command line warning D9002: ignoring unknown option '-O4'
         _ColoredLine.cpp
         _coloredPoint.cpp
         _Line.cpp
         _Picture.cpp
         Generating Code...
       Lib:
         C:\Program Files (x86)\Microsoft Visual Studio 11.0\VC\bin\x86_amd64\Lib.exe /OUT:"C:\Users\admin\Documents\GitHub\AIPPS_L1\Project\build\Libs\Debug\HelloLib.lib" /NOLOGO /MACHINE:X64 HelloLib.dir\Debug\_ColoredLine.obj
         HelloLib.dir\Debug\_coloredPoint.obj
         HelloLib.dir\Debug\_Line.obj
         HelloLib.dir\Debug\_Picture.obj
         HelloLib.vcxproj -> C:\Users\admin\Documents\GitHub\AIPPS_L1\Project\build\Libs\Debug\HelloLib.lib
     1>Done Building Project "C:\Users\admin\Documents\GitHub\AIPPS_L1\Project\build\Libs\HelloLib.vcxproj" (Build target(s)).

Build succeeded.

Time Elapsed 00:00:02.86
