Compiling the C compiler identification source file "CMakeCCompilerId.c" failed.
Compiler:  
Build flags: 
Id flags: 

The output was:
1

Microsoft (R) Visual Studio ┬хЁёш  10.0.30319.1.
(C) ╩юЁяюЁрЎш  ╠рщъЁюёюЇЄ (Microsoft Corp.). ┬ёх яЁртр чр∙ш∙хэ√.
C:\Users\Fedoszone\Desktop\1234\AIPPS_L1\Project\CMakeBuild\CMakeFiles\2.8.11.2\CompilerIdC\CompilerIdC.vcxproj : warning  : Не удалось найти платформу "ia64", на которую ссылается файл проекта "CompilerIdC". Убедитесь в наличии установки в %VCTargetsPath%\Platforms\ia64.


 Не удалось найти платформу "ia64", на которую ссылается файл проекта "CompilerIdC". Убедитесь в наличии установки в %VCTargetsPath%\Platforms\ia64. Не удается загрузить проект.

Compiling the CXX compiler identification source file "CMakeCXXCompilerId.cpp" failed.
Compiler:  
Build flags: 
Id flags: 

The output was:
1

Microsoft (R) Visual Studio ┬хЁёш  10.0.30319.1.
(C) ╩юЁяюЁрЎш  ╠рщъЁюёюЇЄ (Microsoft Corp.). ┬ёх яЁртр чр∙ш∙хэ√.
C:\Users\Fedoszone\Desktop\1234\AIPPS_L1\Project\CMakeBuild\CMakeFiles\2.8.11.2\CompilerIdCXX\CompilerIdCXX.vcxproj : warning  : Не удалось найти платформу "ia64", на которую ссылается файл проекта "CompilerIdCXX". Убедитесь в наличии установки в %VCTargetsPath%\Platforms\ia64.


 Не удалось найти платформу "ia64", на которую ссылается файл проекта "CompilerIdCXX". Убедитесь в наличии установки в %VCTargetsPath%\Platforms\ia64. Не удается загрузить проект.

Compiling the C compiler identification source file "CMakeCCompilerId.c" failed.
Compiler:  
Build flags: 
Id flags: 

The output was:
1

Microsoft (R) Visual Studio ┬хЁёш  10.0.30319.1.
(C) ╩юЁяюЁрЎш  ╠рщъЁюёюЇЄ (Microsoft Corp.). ┬ёх яЁртр чр∙ш∙хэ√.
C:\Users\Fedoszone\Desktop\1234\AIPPS_L1\Project\CMakeBuild\CMakeFiles\2.8.11.2\CompilerIdC\CompilerIdC.vcxproj : warning  : Не удалось найти платформу "ia64", на которую ссылается файл проекта "CompilerIdC". Убедитесь в наличии установки в %VCTargetsPath%\Platforms\ia64.


 Не удалось найти платформу "ia64", на которую ссылается файл проекта "CompilerIdC". Убедитесь в наличии установки в %VCTargetsPath%\Platforms\ia64. Не удается загрузить проект.

Compiling the CXX compiler identification source file "CMakeCXXCompilerId.cpp" failed.
Compiler:  
Build flags: 
Id flags: 

The output was:
1

Microsoft (R) Visual Studio ┬хЁёш  10.0.30319.1.
(C) ╩юЁяюЁрЎш  ╠рщъЁюёюЇЄ (Microsoft Corp.). ┬ёх яЁртр чр∙ш∙хэ√.
C:\Users\Fedoszone\Desktop\1234\AIPPS_L1\Project\CMakeBuild\CMakeFiles\2.8.11.2\CompilerIdCXX\CompilerIdCXX.vcxproj : warning  : Не удалось найти платформу "ia64", на которую ссылается файл проекта "CompilerIdCXX". Убедитесь в наличии установки в %VCTargetsPath%\Platforms\ia64.


 Не удалось найти платформу "ia64", на которую ссылается файл проекта "CompilerIdCXX". Убедитесь в наличии установки в %VCTargetsPath%\Platforms\ia64. Не удается загрузить проект.

Compiling the C compiler identification source file "CMakeCCompilerId.c" failed.
Compiler:  
Build flags: 
Id flags: 

The output was:
1

Microsoft (R) Visual Studio ┬хЁёш  10.0.30319.1.
(C) ╩юЁяюЁрЎш  ╠рщъЁюёюЇЄ (Microsoft Corp.). ┬ёх яЁртр чр∙ш∙хэ√.
C:\Users\Fedoszone\Desktop\1234\AIPPS_L1\Project\CMakeBuild\CMakeFiles\2.8.11.2\CompilerIdC\CompilerIdC.vcxproj : warning  : Не удалось найти платформу "ia64", на которую ссылается файл проекта "CompilerIdC". Убедитесь в наличии установки в %VCTargetsPath%\Platforms\ia64.


 Не удалось найти платформу "ia64", на которую ссылается файл проекта "CompilerIdC". Убедитесь в наличии установки в %VCTargetsPath%\Platforms\ia64. Не удается загрузить проект.

Compiling the CXX compiler identification source file "CMakeCXXCompilerId.cpp" failed.
Compiler:  
Build flags: 
Id flags: 

The output was:
1

Microsoft (R) Visual Studio ┬хЁёш  10.0.30319.1.
(C) ╩юЁяюЁрЎш  ╠рщъЁюёюЇЄ (Microsoft Corp.). ┬ёх яЁртр чр∙ш∙хэ√.
C:\Users\Fedoszone\Desktop\1234\AIPPS_L1\Project\CMakeBuild\CMakeFiles\2.8.11.2\CompilerIdCXX\CompilerIdCXX.vcxproj : warning  : Не удалось найти платформу "ia64", на которую ссылается файл проекта "CompilerIdCXX". Убедитесь в наличии установки в %VCTargetsPath%\Platforms\ia64.


 Не удалось найти платформу "ia64", на которую ссылается файл проекта "CompilerIdCXX". Убедитесь в наличии установки в %VCTargetsPath%\Platforms\ia64. Не удается загрузить проект.

Compiling the C compiler identification source file "CMakeCCompilerId.c" failed.
Compiler:  
Build flags: 
Id flags: 

The output was:
1

Microsoft (R) Visual Studio ┬хЁёш  10.0.30319.1.
(C) ╩юЁяюЁрЎш  ╠рщъЁюёюЇЄ (Microsoft Corp.). ┬ёх яЁртр чр∙ш∙хэ√.
C:\Users\Fedoszone\Desktop\1234\AIPPS_L1\Project\CMakeBuild\CMakeFiles\2.8.11.2\CompilerIdC\CompilerIdC.vcxproj : warning  : Не удалось найти платформу "ia64", на которую ссылается файл проекта "CompilerIdC". Убедитесь в наличии установки в %VCTargetsPath%\Platforms\ia64.


 Не удалось найти платформу "ia64", на которую ссылается файл проекта "CompilerIdC". Убедитесь в наличии установки в %VCTargetsPath%\Platforms\ia64. Не удается загрузить проект.

Compiling the CXX compiler identification source file "CMakeCXXCompilerId.cpp" failed.
Compiler:  
Build flags: 
Id flags: 

The output was:
1

Microsoft (R) Visual Studio ┬хЁёш  10.0.30319.1.
(C) ╩юЁяюЁрЎш  ╠рщъЁюёюЇЄ (Microsoft Corp.). ┬ёх яЁртр чр∙ш∙хэ√.
C:\Users\Fedoszone\Desktop\1234\AIPPS_L1\Project\CMakeBuild\CMakeFiles\2.8.11.2\CompilerIdCXX\CompilerIdCXX.vcxproj : warning  : Не удалось найти платформу "ia64", на которую ссылается файл проекта "CompilerIdCXX". Убедитесь в наличии установки в %VCTargetsPath%\Platforms\ia64.


 Не удалось найти платформу "ia64", на которую ссылается файл проекта "CompilerIdCXX". Убедитесь в наличии установки в %VCTargetsPath%\Platforms\ia64. Не удается загрузить проект.

Compiling the C compiler identification source file "CMakeCCompilerId.c" failed.
Compiler:  
Build flags: 
Id flags: 

The output was:
1

Microsoft (R) Visual Studio ┬хЁёш  10.0.30319.1.
(C) ╩юЁяюЁрЎш  ╠рщъЁюёюЇЄ (Microsoft Corp.). ┬ёх яЁртр чр∙ш∙хэ√.
C:\Users\Fedoszone\Desktop\1234\AIPPS_L1\Project\CMakeBuild\CMakeFiles\2.8.11.2\CompilerIdC\CompilerIdC.vcxproj : warning  : Не удалось найти платформу "ia64", на которую ссылается файл проекта "CompilerIdC". Убедитесь в наличии установки в %VCTargetsPath%\Platforms\ia64.


 Не удалось найти платформу "ia64", на которую ссылается файл проекта "CompilerIdC". Убедитесь в наличии установки в %VCTargetsPath%\Platforms\ia64. Не удается загрузить проект.

Compiling the CXX compiler identification source file "CMakeCXXCompilerId.cpp" failed.
Compiler:  
Build flags: 
Id flags: 

The output was:
1

Microsoft (R) Visual Studio ┬хЁёш  10.0.30319.1.
(C) ╩юЁяюЁрЎш  ╠рщъЁюёюЇЄ (Microsoft Corp.). ┬ёх яЁртр чр∙ш∙хэ√.
C:\Users\Fedoszone\Desktop\1234\AIPPS_L1\Project\CMakeBuild\CMakeFiles\2.8.11.2\CompilerIdCXX\CompilerIdCXX.vcxproj : warning  : Не удалось найти платформу "ia64", на которую ссылается файл проекта "CompilerIdCXX". Убедитесь в наличии установки в %VCTargetsPath%\Platforms\ia64.


 Не удалось найти платформу "ia64", на которую ссылается файл проекта "CompilerIdCXX". Убедитесь в наличии установки в %VCTargetsPath%\Platforms\ia64. Не удается загрузить проект.

Compiling the C compiler identification source file "CMakeCCompilerId.c" failed.
Compiler:  
Build flags: 
Id flags: 

The output was:
1

Microsoft (R) Visual Studio ┬хЁёш  10.0.30319.1.
(C) ╩юЁяюЁрЎш  ╠рщъЁюёюЇЄ (Microsoft Corp.). ┬ёх яЁртр чр∙ш∙хэ√.
C:\Users\Fedoszone\Desktop\1234\AIPPS_L1\Project\CMakeBuild\CMakeFiles\2.8.11.2\CompilerIdC\CompilerIdC.vcxproj : warning  : Не удалось найти платформу "ia64", на которую ссылается файл проекта "CompilerIdC". Убедитесь в наличии установки в %VCTargetsPath%\Platforms\ia64.


 Не удалось найти платформу "ia64", на которую ссылается файл проекта "CompilerIdC". Убедитесь в наличии установки в %VCTargetsPath%\Platforms\ia64. Не удается загрузить проект.

Compiling the CXX compiler identification source file "CMakeCXXCompilerId.cpp" failed.
Compiler:  
Build flags: 
Id flags: 

The output was:
1

Microsoft (R) Visual Studio ┬хЁёш  10.0.30319.1.
(C) ╩юЁяюЁрЎш  ╠рщъЁюёюЇЄ (Microsoft Corp.). ┬ёх яЁртр чр∙ш∙хэ√.
C:\Users\Fedoszone\Desktop\1234\AIPPS_L1\Project\CMakeBuild\CMakeFiles\2.8.11.2\CompilerIdCXX\CompilerIdCXX.vcxproj : warning  : Не удалось найти платформу "ia64", на которую ссылается файл проекта "CompilerIdCXX". Убедитесь в наличии установки в %VCTargetsPath%\Platforms\ia64.


 Не удалось найти платформу "ia64", на которую ссылается файл проекта "CompilerIdCXX". Убедитесь в наличии установки в %VCTargetsPath%\Platforms\ia64. Не удается загрузить проект.

Compiling the C compiler identification source file "CMakeCCompilerId.c" failed.
Compiler:  
Build flags: 
Id flags: 

The output was:
1

Microsoft (R) Visual Studio ┬хЁёш  10.0.30319.1.
(C) ╩юЁяюЁрЎш  ╠рщъЁюёюЇЄ (Microsoft Corp.). ┬ёх яЁртр чр∙ш∙хэ√.
C:\Users\Fedoszone\Desktop\1234\AIPPS_L1\Project\CMakeBuild\CMakeFiles\2.8.11.2\CompilerIdC\CompilerIdC.vcxproj : warning  : Не удалось найти платформу "ia64", на которую ссылается файл проекта "CompilerIdC". Убедитесь в наличии установки в %VCTargetsPath%\Platforms\ia64.


 Не удалось найти платформу "ia64", на которую ссылается файл проекта "CompilerIdC". Убедитесь в наличии установки в %VCTargetsPath%\Platforms\ia64. Не удается загрузить проект.

Compiling the CXX compiler identification source file "CMakeCXXCompilerId.cpp" failed.
Compiler:  
Build flags: 
Id flags: 

The output was:
1

Microsoft (R) Visual Studio ┬хЁёш  10.0.30319.1.
(C) ╩юЁяюЁрЎш  ╠рщъЁюёюЇЄ (Microsoft Corp.). ┬ёх яЁртр чр∙ш∙хэ√.
C:\Users\Fedoszone\Desktop\1234\AIPPS_L1\Project\CMakeBuild\CMakeFiles\2.8.11.2\CompilerIdCXX\CompilerIdCXX.vcxproj : warning  : Не удалось найти платформу "ia64", на которую ссылается файл проекта "CompilerIdCXX". Убедитесь в наличии установки в %VCTargetsPath%\Platforms\ia64.


 Не удалось найти платформу "ia64", на которую ссылается файл проекта "CompilerIdCXX". Убедитесь в наличии установки в %VCTargetsPath%\Platforms\ia64. Не удается загрузить проект.

Compiling the C compiler identification source file "CMakeCCompilerId.c" failed.
Compiler:  
Build flags: 
Id flags: 

The output was:
1

Microsoft (R) Visual Studio ┬хЁёш  10.0.30319.1.
(C) ╩юЁяюЁрЎш  ╠рщъЁюёюЇЄ (Microsoft Corp.). ┬ёх яЁртр чр∙ш∙хэ√.
C:\Users\Fedoszone\Desktop\1234\AIPPS_L1\Project\CMakeBuild\CMakeFiles\2.8.11.2\CompilerIdC\CompilerIdC.vcxproj : warning  : Не удалось найти платформу "ia64", на которую ссылается файл проекта "CompilerIdC". Убедитесь в наличии установки в %VCTargetsPath%\Platforms\ia64.


 Не удалось найти платформу "ia64", на которую ссылается файл проекта "CompilerIdC". Убедитесь в наличии установки в %VCTargetsPath%\Platforms\ia64. Не удается загрузить проект.

Compiling the CXX compiler identification source file "CMakeCXXCompilerId.cpp" failed.
Compiler:  
Build flags: 
Id flags: 

The output was:
1

Microsoft (R) Visual Studio ┬хЁёш  10.0.30319.1.
(C) ╩юЁяюЁрЎш  ╠рщъЁюёюЇЄ (Microsoft Corp.). ┬ёх яЁртр чр∙ш∙хэ√.
C:\Users\Fedoszone\Desktop\1234\AIPPS_L1\Project\CMakeBuild\CMakeFiles\2.8.11.2\CompilerIdCXX\CompilerIdCXX.vcxproj : warning  : Не удалось найти платформу "ia64", на которую ссылается файл проекта "CompilerIdCXX". Убедитесь в наличии установки в %VCTargetsPath%\Platforms\ia64.


 Не удалось найти платформу "ia64", на которую ссылается файл проекта "CompilerIdCXX". Убедитесь в наличии установки в %VCTargetsPath%\Platforms\ia64. Не удается загрузить проект.

Compiling the C compiler identification source file "CMakeCCompilerId.c" failed.
Compiler:  
Build flags: 
Id flags: 

The output was:
1

Microsoft (R) Visual Studio ┬хЁёш  10.0.30319.1.
(C) ╩юЁяюЁрЎш  ╠рщъЁюёюЇЄ (Microsoft Corp.). ┬ёх яЁртр чр∙ш∙хэ√.
C:\Users\Fedoszone\Desktop\1234\AIPPS_L1\Project\CMakeBuild\CMakeFiles\2.8.11.2\CompilerIdC\CompilerIdC.vcxproj : warning  : Не удалось найти платформу "ia64", на которую ссылается файл проекта "CompilerIdC". Убедитесь в наличии установки в %VCTargetsPath%\Platforms\ia64.


 Не удалось найти платформу "ia64", на которую ссылается файл проекта "CompilerIdC". Убедитесь в наличии установки в %VCTargetsPath%\Platforms\ia64. Не удается загрузить проект.

Compiling the CXX compiler identification source file "CMakeCXXCompilerId.cpp" failed.
Compiler:  
Build flags: 
Id flags: 

The output was:
1

Microsoft (R) Visual Studio ┬хЁёш  10.0.30319.1.
(C) ╩юЁяюЁрЎш  ╠рщъЁюёюЇЄ (Microsoft Corp.). ┬ёх яЁртр чр∙ш∙хэ√.
C:\Users\Fedoszone\Desktop\1234\AIPPS_L1\Project\CMakeBuild\CMakeFiles\2.8.11.2\CompilerIdCXX\CompilerIdCXX.vcxproj : warning  : Не удалось найти платформу "ia64", на которую ссылается файл проекта "CompilerIdCXX". Убедитесь в наличии установки в %VCTargetsPath%\Platforms\ia64.


 Не удалось найти платформу "ia64", на которую ссылается файл проекта "CompilerIdCXX". Убедитесь в наличии установки в %VCTargetsPath%\Platforms\ia64. Не удается загрузить проект.

Compiling the C compiler identification source file "CMakeCCompilerId.c" failed.
Compiler:  
Build flags: 
Id flags: 

The output was:
1

Microsoft (R) Visual Studio ┬хЁёш  10.0.30319.1.
(C) ╩юЁяюЁрЎш  ╠рщъЁюёюЇЄ (Microsoft Corp.). ┬ёх яЁртр чр∙ш∙хэ√.
C:\Users\Fedoszone\Desktop\1234\AIPPS_L1\Project\CMakeBuild\CMakeFiles\2.8.11.2\CompilerIdC\CompilerIdC.vcxproj : warning  : Не удалось найти платформу "ia64", на которую ссылается файл проекта "CompilerIdC". Убедитесь в наличии установки в %VCTargetsPath%\Platforms\ia64.


 Не удалось найти платформу "ia64", на которую ссылается файл проекта "CompilerIdC". Убедитесь в наличии установки в %VCTargetsPath%\Platforms\ia64. Не удается загрузить проект.

Compiling the CXX compiler identification source file "CMakeCXXCompilerId.cpp" failed.
Compiler:  
Build flags: 
Id flags: 

The output was:
1

Microsoft (R) Visual Studio ┬хЁёш  10.0.30319.1.
(C) ╩юЁяюЁрЎш  ╠рщъЁюёюЇЄ (Microsoft Corp.). ┬ёх яЁртр чр∙ш∙хэ√.
C:\Users\Fedoszone\Desktop\1234\AIPPS_L1\Project\CMakeBuild\CMakeFiles\2.8.11.2\CompilerIdCXX\CompilerIdCXX.vcxproj : warning  : Не удалось найти платформу "ia64", на которую ссылается файл проекта "CompilerIdCXX". Убедитесь в наличии установки в %VCTargetsPath%\Platforms\ia64.


 Не удалось найти платформу "ia64", на которую ссылается файл проекта "CompilerIdCXX". Убедитесь в наличии установки в %VCTargetsPath%\Platforms\ia64. Не удается загрузить проект.

Compiling the C compiler identification source file "CMakeCCompilerId.c" failed.
Compiler:  
Build flags: 
Id flags: 

The output was:
1

Microsoft (R) Visual Studio ┬хЁёш  10.0.30319.1.
(C) ╩юЁяюЁрЎш  ╠рщъЁюёюЇЄ (Microsoft Corp.). ┬ёх яЁртр чр∙ш∙хэ√.
C:\Users\Fedoszone\Desktop\1234\AIPPS_L1\Project\CMakeBuild\CMakeFiles\2.8.11.2\CompilerIdC\CompilerIdC.vcxproj : warning  : Не удалось найти платформу "ia64", на которую ссылается файл проекта "CompilerIdC". Убедитесь в наличии установки в %VCTargetsPath%\Platforms\ia64.


 Не удалось найти платформу "ia64", на которую ссылается файл проекта "CompilerIdC". Убедитесь в наличии установки в %VCTargetsPath%\Platforms\ia64. Не удается загрузить проект.

Compiling the CXX compiler identification source file "CMakeCXXCompilerId.cpp" failed.
Compiler:  
Build flags: 
Id flags: 

The output was:
1

Microsoft (R) Visual Studio ┬хЁёш  10.0.30319.1.
(C) ╩юЁяюЁрЎш  ╠рщъЁюёюЇЄ (Microsoft Corp.). ┬ёх яЁртр чр∙ш∙хэ√.
C:\Users\Fedoszone\Desktop\1234\AIPPS_L1\Project\CMakeBuild\CMakeFiles\2.8.11.2\CompilerIdCXX\CompilerIdCXX.vcxproj : warning  : Не удалось найти платформу "ia64", на которую ссылается файл проекта "CompilerIdCXX". Убедитесь в наличии установки в %VCTargetsPath%\Platforms\ia64.


 Не удалось найти платформу "ia64", на которую ссылается файл проекта "CompilerIdCXX". Убедитесь в наличии установки в %VCTargetsPath%\Platforms\ia64. Не удается загрузить проект.

